Line 5: Property Icon in frmMain could not be set.
Line 105: Property Picture in picShip could not be set.
Line 128: Property Picture in picBeltEqp could not be set.
Line 151: Property Picture in picRingEqp could not be set.
Line 179: Property Picture in PicBelt could not be set.
Line 216: Property Picture in picCompasScrollUp could not be set.
Line 230: Property Picture in picCompasScrollDown could not be set.
Line 244: Property Picture in picConsoleScrollDown could not be set.
Line 258: Property Picture in picConsoleScrollUp could not be set.
Line 5: Property Icon in frmMain could not be set.
Line 105: Property Picture in picShip could not be set.
Line 128: Property Picture in picBeltEqp could not be set.
Line 151: Property Picture in picRingEqp could not be set.
Line 179: Property Picture in PicBelt could not be set.
Line 216: Property Picture in picCompasScrollUp could not be set.
Line 230: Property Picture in picCompasScrollDown could not be set.
Line 244: Property Picture in picConsoleScrollDown could not be set.
Line 258: Property Picture in picConsoleScrollUp could not be set.
Line 5: Property Icon in frmMain could not be set.
Line 105: Property Picture in picShip could not be set.
Line 128: Property Picture in picBeltEqp could not be set.
Line 151: Property Picture in picRingEqp could not be set.
Line 179: Property Picture in PicBelt could not be set.
Line 216: Property Picture in picCompasScrollUp could not be set.
Line 230: Property Picture in picCompasScrollDown could not be set.
Line 244: Property Picture in picConsoleScrollDown could not be set.
Line 258: Property Picture in picConsoleScrollUp could not be set.
Line 5: Property Icon in frmMain could not be set.
Line 105: Property Picture in picShip could not be set.
Line 128: Property Picture in picBeltEqp could not be set.
Line 151: Property Picture in picRingEqp could not be set.
Line 179: Property Picture in PicBelt could not be set.
Line 216: Property Picture in picCompasScrollUp could not be set.
Line 230: Property Picture in picCompasScrollDown could not be set.
Line 244: Property Picture in picConsoleScrollDown could not be set.
Line 258: Property Picture in picConsoleScrollUp could not be set.
Line 5: Property Icon in frmMain could not be set.
Line 105: Property Picture in picShip could not be set.
Line 128: Property Picture in picBeltEqp could not be set.
Line 151: Property Picture in picRingEqp could not be set.
Line 179: Property Picture in PicBelt could not be set.
Line 216: Property Picture in picCompasScrollUp could not be set.
Line 230: Property Picture in picCompasScrollDown could not be set.
Line 244: Property Picture in picConsoleScrollDown could not be set.
Line 258: Property Picture in picConsoleScrollUp could not be set.
Line 5: Property Icon in frmMain could not be set.
Line 105: Property Picture in picShip could not be set.
Line 128: Property Picture in picBeltEqp could not be set.
Line 151: Property Picture in picRingEqp could not be set.
Line 179: Property Picture in PicBelt could not be set.
Line 216: Property Picture in picCompasScrollUp could not be set.
Line 230: Property Picture in picCompasScrollDown could not be set.
Line 244: Property Picture in picConsoleScrollDown could not be set.
Line 258: Property Picture in picConsoleScrollUp could not be set.
Line 5: Property Icon in frmMain could not be set.
Line 105: Property Picture in picShip could not be set.
Line 128: Property Picture in picBeltEqp could not be set.
Line 151: Property Picture in picRingEqp could not be set.
Line 179: Property Picture in PicBelt could not be set.
Line 216: Property Picture in picCompasScrollUp could not be set.
Line 230: Property Picture in picCompasScrollDown could not be set.
Line 244: Property Picture in picConsoleScrollDown could not be set.
Line 258: Property Picture in picConsoleScrollUp could not be set.
Line 5: Property Icon in frmMain could not be set.
Line 105: Property Picture in picShip could not be set.
Line 128: Property Picture in picBeltEqp could not be set.
Line 151: Property Picture in picRingEqp could not be set.
Line 179: Property Picture in PicBelt could not be set.
Line 216: Property Picture in picCompasScrollUp could not be set.
Line 230: Property Picture in picCompasScrollDown could not be set.
Line 244: Property Picture in picConsoleScrollDown could not be set.
Line 258: Property Picture in picConsoleScrollUp could not be set.
