16/07/2012 07:23:52 p.m. server iniciado 0.0.865
16/07/2012 07:23:59 p.m. server cerrado.
16/07/2012 07:25:18 p.m. server iniciado 0.0.865
16/07/2012 07:25:21 p.m. server cerrado.
16/07/2012 07:28:07 p.m. server iniciado 0.0.865
16/07/2012 07:28:11 p.m. server cerrado.
16/07/2012 07:34:25 p.m. server iniciado 0.0.865
16/07/2012 07:41:38 p.m. server iniciado 0.0.865
16/07/2012 07:56:34 p.m. server iniciado 0.0.865
16/07/2012 08:06:59 p.m. server iniciado 0.0.865
16/07/2012 08:20:44 p.m. server iniciado 0.0.865
16/07/2012 08:21:41 p.m. server iniciado 0.0.865
16/07/2012 08:24:19 p.m. server iniciado 0.0.865
16/07/2012 08:25:20 p.m. server iniciado 0.0.865
16/07/2012 08:26:34 p.m. server iniciado 0.0.865
16/07/2012 08:27:07 p.m. server iniciado 0.0.865
16/07/2012 11:01:18 p.m. server iniciado 0.0.865
16/07/2012 11:41:14 p.m. server iniciado 0.0.865
16/07/2012 11:48:35 p.m. server iniciado 0.0.865
17/07/2012 10:50:37 p.m. server iniciado 0.0.865
19/07/2012 11:37:25 a.m. server iniciado 0.0.865
15/09/2012 10:28:01 server iniciado 0.0.866
16/09/2012 11:16:23 server iniciado 0.0.866
17/09/2012 22:33:03 server iniciado 0.0.865
29/09/2012 12:22:04 server iniciado 0.0.865
10/20/2015 6:02:10 PM server iniciado 0.0.866
10/25/2015 2:40:11 AM server iniciado 0.0.880
10/25/2015 2:51:21 AM server iniciado 0.0.880
